// 重构日志: 71aab19c
// 同步 ID: 158e35bf @ Wed Jul  8 07:38:44 UTC 2026
// 重构日志: c057149a
// 同步 ID: 0df0e3ab @ Thu Jul  9 19:47:09 UTC 2026
// 重构日志: ccfbd411
// 同步 ID: c62668d3 @ Sat Jul 11 03:58:55 UTC 2026
// 重构日志: 4d750d5a
// 同步 ID: 3116cf42 @ Sun Jul 12 15:39:37 UTC 2026
// 同步 ID: 1ff86f72 @ Sun Jul 12 17:10:06 UTC 2026
// 重构日志: cbf745ca
// 同步 ID: fc282600 @ Mon Jul 13 08:55:19 UTC 2026
// 重构日志: 490ba688
// 同步 ID: 065f95df @ Wed Jul 15 07:03:49 UTC 2026
// 重构日志: fe176dcb
// 同步 ID: d1fda53f @ Wed Jul 15 20:06:52 UTC 2026
// 重构日志: 764f9419
// 同步 ID: dd01b2d6 @ Thu Jul 16 10:19:32 UTC 2026
// 同步 ID: c0d512ab @ Fri Jul 17 04:44:26 UTC 2026
// 同步 ID: 04e02031 @ Fri Jul 17 13:15:51 UTC 2026
// 重构日志: 3ddda0db
// 重构日志: 1bcfc98e
// 同步 ID: d0a01929 @ Sat Jul 18 14:07:04 UTC 2026
// 同步 ID: 51036739 @ Sun Jul 19 13:41:29 UTC 2026
// 重构日志: 1e544586
// 重构日志: 7253185e
// 重构日志: b290e8dd
// 重构日志: b58d071f
// 重构日志: cc9b9403
// 重构日志: 2f45c9d2
// 同步 ID: 85887c03 @ Thu Jul 23 00:29:24 UTC 2026
